P:\null\ServiceApp.API\ServiceApp.UI\ClientApp\dist\out-tsc\e2e\src\app.po.js
P:\null\ServiceApp.API\ServiceApp.UI\ClientApp\dist\out-tsc\e2e\src\app.po.js.map
P:\null\ServiceApp.API\ServiceApp.UI\ClientApp\dist\out-tsc\e2e\src\app.e2e-spec.js
P:\null\ServiceApp.API\ServiceApp.UI\ClientApp\dist\out-tsc\e2e\src\app.e2e-spec.js.map
P:\null\ServiceApp.API\ServiceApp.UI\ClientApp\dist\out-tsc\src\app\models\user.js
P:\null\ServiceApp.API\ServiceApp.UI\ClientApp\dist\out-tsc\src\app\models\user.js.map
P:\null\ServiceApp.API\ServiceApp.UI\ClientApp\dist\out-tsc\src\app\models\product.js
P:\null\ServiceApp.API\ServiceApp.UI\ClientApp\dist\out-tsc\src\app\models\product.js.map
P:\null\ServiceApp.API\ServiceApp.UI\ClientApp\dist\out-tsc\src\app\models\role.js
P:\null\ServiceApp.API\ServiceApp.UI\ClientApp\dist\out-tsc\src\app\models\role.js.map
P:\null\ServiceApp.API\ServiceApp.UI\ClientApp\dist\out-tsc\src\app\models\userpost.js
P:\null\ServiceApp.API\ServiceApp.UI\ClientApp\dist\out-tsc\src\app\models\userpost.js.map
P:\null\ServiceApp.API\ServiceApp.UI\ClientApp\dist\out-tsc\src\app\models\index.js
P:\null\ServiceApp.API\ServiceApp.UI\ClientApp\dist\out-tsc\src\app\models\index.js.map
P:\null\ServiceApp.API\ServiceApp.UI\ClientApp\dist\out-tsc\src\environments\environment.js
P:\null\ServiceApp.API\ServiceApp.UI\ClientApp\dist\out-tsc\src\environments\environment.js.map
P:\null\ServiceApp.API\ServiceApp.UI\ClientApp\dist\out-tsc\src\app\services\authentication.service.js
P:\null\ServiceApp.API\ServiceApp.UI\ClientApp\dist\out-tsc\src\app\services\authentication.service.js.map
P:\null\ServiceApp.API\ServiceApp.UI\ClientApp\dist\out-tsc\src\app\services\base.service.js
P:\null\ServiceApp.API\ServiceApp.UI\ClientApp\dist\out-tsc\src\app\services\base.service.js.map
P:\null\ServiceApp.API\ServiceApp.UI\ClientApp\dist\out-tsc\src\app\services\user.service.js
P:\null\ServiceApp.API\ServiceApp.UI\ClientApp\dist\out-tsc\src\app\services\user.service.js.map
P:\null\ServiceApp.API\ServiceApp.UI\ClientApp\dist\out-tsc\src\app\services\alert.service.js
P:\null\ServiceApp.API\ServiceApp.UI\ClientApp\dist\out-tsc\src\app\services\alert.service.js.map
P:\null\ServiceApp.API\ServiceApp.UI\ClientApp\dist\out-tsc\src\app\services\fake-backend.js
P:\null\ServiceApp.API\ServiceApp.UI\ClientApp\dist\out-tsc\src\app\services\fake-backend.js.map
P:\null\ServiceApp.API\ServiceApp.UI\ClientApp\dist\out-tsc\src\app\services\index.js
P:\null\ServiceApp.API\ServiceApp.UI\ClientApp\dist\out-tsc\src\app\services\index.js.map
P:\null\ServiceApp.API\ServiceApp.UI\ClientApp\dist\out-tsc\src\app\login\login.component.js
P:\null\ServiceApp.API\ServiceApp.UI\ClientApp\dist\out-tsc\src\app\login\login.component.js.map
P:\null\ServiceApp.API\ServiceApp.UI\ClientApp\dist\out-tsc\src\app\services\register\registration.service.js
P:\null\ServiceApp.API\ServiceApp.UI\ClientApp\dist\out-tsc\src\app\services\register\registration.service.js.map
P:\null\ServiceApp.API\ServiceApp.UI\ClientApp\dist\out-tsc\src\app\register\register.component.js
P:\null\ServiceApp.API\ServiceApp.UI\ClientApp\dist\out-tsc\src\app\register\register.component.js.map
P:\null\ServiceApp.API\ServiceApp.UI\ClientApp\dist\out-tsc\src\app\home\home.component.js
P:\null\ServiceApp.API\ServiceApp.UI\ClientApp\dist\out-tsc\src\app\home\home.component.js.map
P:\null\ServiceApp.API\ServiceApp.UI\ClientApp\dist\out-tsc\src\app\home\index.js
P:\null\ServiceApp.API\ServiceApp.UI\ClientApp\dist\out-tsc\src\app\home\index.js.map
P:\null\ServiceApp.API\ServiceApp.UI\ClientApp\dist\out-tsc\src\app\admin-cabinet\admin-cabinet.component.js
P:\null\ServiceApp.API\ServiceApp.UI\ClientApp\dist\out-tsc\src\app\admin-cabinet\admin-cabinet.component.js.map
P:\null\ServiceApp.API\ServiceApp.UI\ClientApp\dist\out-tsc\src\app\admin-cabinet\index.js
P:\null\ServiceApp.API\ServiceApp.UI\ClientApp\dist\out-tsc\src\app\admin-cabinet\index.js.map
P:\null\ServiceApp.API\ServiceApp.UI\ClientApp\dist\out-tsc\src\app\guards\auth.guard.js
P:\null\ServiceApp.API\ServiceApp.UI\ClientApp\dist\out-tsc\src\app\guards\auth.guard.js.map
P:\null\ServiceApp.API\ServiceApp.UI\ClientApp\dist\out-tsc\src\app\guards\index.js
P:\null\ServiceApp.API\ServiceApp.UI\ClientApp\dist\out-tsc\src\app\guards\index.js.map
P:\null\ServiceApp.API\ServiceApp.UI\ClientApp\dist\out-tsc\src\app\app-routing.module.js
P:\null\ServiceApp.API\ServiceApp.UI\ClientApp\dist\out-tsc\src\app\app-routing.module.js.map
P:\null\ServiceApp.API\ServiceApp.UI\ClientApp\dist\out-tsc\src\app\app.component.js
P:\null\ServiceApp.API\ServiceApp.UI\ClientApp\dist\out-tsc\src\app\app.component.js.map
P:\null\ServiceApp.API\ServiceApp.UI\ClientApp\dist\out-tsc\src\app\helper\error.interceptor.js
P:\null\ServiceApp.API\ServiceApp.UI\ClientApp\dist\out-tsc\src\app\helper\error.interceptor.js.map
P:\null\ServiceApp.API\ServiceApp.UI\ClientApp\dist\out-tsc\src\app\helper\jwt.interceptor.js
P:\null\ServiceApp.API\ServiceApp.UI\ClientApp\dist\out-tsc\src\app\helper\jwt.interceptor.js.map
P:\null\ServiceApp.API\ServiceApp.UI\ClientApp\dist\out-tsc\src\app\app.module.js
P:\null\ServiceApp.API\ServiceApp.UI\ClientApp\dist\out-tsc\src\app\app.module.js.map
P:\null\ServiceApp.API\ServiceApp.UI\ClientApp\dist\out-tsc\src\polyfills.js
P:\null\ServiceApp.API\ServiceApp.UI\ClientApp\dist\out-tsc\src\polyfills.js.map
P:\null\ServiceApp.API\ServiceApp.UI\ClientApp\dist\out-tsc\src\main.js
P:\null\ServiceApp.API\ServiceApp.UI\ClientApp\dist\out-tsc\src\main.js.map
P:\null\ServiceApp.API\ServiceApp.UI\ClientApp\dist\out-tsc\src\test.js
P:\null\ServiceApp.API\ServiceApp.UI\ClientApp\dist\out-tsc\src\test.js.map
P:\null\ServiceApp.API\ServiceApp.UI\ClientApp\dist\out-tsc\src\app\app.component.spec.js
P:\null\ServiceApp.API\ServiceApp.UI\ClientApp\dist\out-tsc\src\app\app.component.spec.js.map
P:\null\ServiceApp.API\ServiceApp.UI\ClientApp\dist\out-tsc\src\app\admin-cabinet\admin-cabinet.component.spec.js
P:\null\ServiceApp.API\ServiceApp.UI\ClientApp\dist\out-tsc\src\app\admin-cabinet\admin-cabinet.component.spec.js.map
P:\null\ServiceApp.API\ServiceApp.UI\ClientApp\dist\out-tsc\src\app\helper\indexts.js
P:\null\ServiceApp.API\ServiceApp.UI\ClientApp\dist\out-tsc\src\app\helper\indexts.js.map
P:\null\ServiceApp.API\ServiceApp.UI\ClientApp\dist\out-tsc\src\app\home\home.component.spec.js
P:\null\ServiceApp.API\ServiceApp.UI\ClientApp\dist\out-tsc\src\app\home\home.component.spec.js.map
P:\null\ServiceApp.API\ServiceApp.UI\ClientApp\dist\out-tsc\src\app\login\index.js
P:\null\ServiceApp.API\ServiceApp.UI\ClientApp\dist\out-tsc\src\app\login\index.js.map
P:\null\ServiceApp.API\ServiceApp.UI\ClientApp\dist\out-tsc\src\app\login\login.component.spec.js
P:\null\ServiceApp.API\ServiceApp.UI\ClientApp\dist\out-tsc\src\app\login\login.component.spec.js.map
P:\null\ServiceApp.API\ServiceApp.UI\ClientApp\dist\out-tsc\src\app\models\common\Const.js
P:\null\ServiceApp.API\ServiceApp.UI\ClientApp\dist\out-tsc\src\app\models\common\Const.js.map
P:\null\ServiceApp.API\ServiceApp.UI\ClientApp\dist\out-tsc\src\app\models\common\index.js
P:\null\ServiceApp.API\ServiceApp.UI\ClientApp\dist\out-tsc\src\app\models\common\index.js.map
P:\null\ServiceApp.API\ServiceApp.UI\ClientApp\dist\out-tsc\src\app\register\index.js
P:\null\ServiceApp.API\ServiceApp.UI\ClientApp\dist\out-tsc\src\app\register\index.js.map
P:\null\ServiceApp.API\ServiceApp.UI\ClientApp\dist\out-tsc\src\app\register\register.component.spec.js
P:\null\ServiceApp.API\ServiceApp.UI\ClientApp\dist\out-tsc\src\app\register\register.component.spec.js.map
P:\null\ServiceApp.API\ServiceApp.UI\ClientApp\dist\out-tsc\src\app\services\authentication.service.spec.js
P:\null\ServiceApp.API\ServiceApp.UI\ClientApp\dist\out-tsc\src\app\services\authentication.service.spec.js.map
P:\null\ServiceApp.API\ServiceApp.UI\ClientApp\dist\out-tsc\src\app\services\configuration.servise.js
P:\null\ServiceApp.API\ServiceApp.UI\ClientApp\dist\out-tsc\src\app\services\configuration.servise.js.map
P:\null\ServiceApp.API\ServiceApp.UI\ClientApp\dist\out-tsc\src\app\services\register\index.js
P:\null\ServiceApp.API\ServiceApp.UI\ClientApp\dist\out-tsc\src\app\services\register\index.js.map
P:\null\ServiceApp.API\ServiceApp.UI\ClientApp\dist\out-tsc\src\environments\environment.prod.js
P:\null\ServiceApp.API\ServiceApp.UI\ClientApp\dist\out-tsc\src\environments\environment.prod.js.map
